Determining if the C compiler works failed with the following output:
Change Dir: C:/Users/Владимир/CLionProjects/untitled/cmake-build-debug/CMakeFiles/CMakeTmp

Run Build Command(s):D:/Qt/Tools/mingw730_64/bin/mingw32-make.exe cmTC_2a469/fast 
D:/Qt/Tools/mingw730_64/bin/mingw32-make.exe -f CMakeFiles\cmTC_2a469.dir\build.make CMakeFiles/cmTC_2a469.dir/build
mingw32-make.exe[1]: Entering directory 'C:/Users/┬ырфшьшЁ/CLionProjects/untitled/cmake-build-debug/CMakeFiles/CMakeTmp'
Building C object CMakeFiles/cmTC_2a469.dir/testCCompiler.c.obj
D:\Qt\Tools\mingw730_64\bin\gcc.exe    -o CMakeFiles\cmTC_2a469.dir\testCCompiler.c.obj   -c C:\Users\╨Т╨╗╨░╨┤╨╕╨╝╨╕╤А\CLionProjects\untitled\cmake-build-debug\CMakeFiles\CMakeTmp\testCCompiler.c
gcc.exe: error: C:\Users\╨Т╨╗╨░╨┤╨╕╨╝╨╕╤А\CLionProjects\untitled\cmake-build-debug\CMakeFiles\CMakeTmp\testCCompiler.c: No such file or directory
gcc.exe: fatal error: no input files
compilation terminated.
mingw32-make.exe[1]: *** [CMakeFiles\cmTC_2a469.dir\build.make:65: CMakeFiles/cmTC_2a469.dir/testCCompiler.c.obj] Error 1
mingw32-make.exe[1]: Leaving directory 'C:/Users/┬ырфшьшЁ/CLionProjects/untitled/cmake-build-debug/CMakeFiles/CMakeTmp'
mingw32-make.exe: *** [Makefile:120: cmTC_2a469/fast] Error 2


